<?xml version="1.0" encoding="UTF-8"?>
<testsuite xmlns:xsi="http://www.w3.org/2001/XMLSchema-instance" xsi:noNamespaceSchemaLocation="https://maven.apache.org/surefire/maven-surefire-plugin/xsd/surefire-test-report.xsd" version="3.0.2" name="io.github.rxue.ingestion.batch.MailReaderTest" time="0.011" tests="1" errors="0" skipped="0" failures="0">
  <properties>
    <property name="java.specification.version" value="17"/>
    <property name="sun.jnu.encoding" value="UTF-8"/>
    <property name="java.class.path" value="/Users/ruixue/git/github/ingestion-api/ingestion-manager/target/test-classes:/Users/ruixue/git/github/ingestion-api/ingestion-manager/target/classes:/Users/ruixue/.m2/repository/io/quarkus/quarkus-arc/3.23.3/quarkus-arc-3.23.3.jar:/Users/ruixue/.m2/repository/io/quarkus/arc/arc/3.23.3/arc-3.23.3.jar:/Users/ruixue/.m2/repository/jakarta/enterprise/jakarta.enterprise.cdi-api/4.1.0/jakarta.enterprise.cdi-api-4.1.0.jar:/Users/ruixue/.m2/repository/jakarta/enterprise/jakarta.enterprise.lang-model/4.1.0/jakarta.enterprise.lang-model-4.1.0.jar:/Users/ruixue/.m2/repository/jakarta/el/jakarta.el-api/5.0.1/jakarta.el-api-5.0.1.jar:/Users/ruixue/.m2/repository/jakarta/interceptor/jakarta.interceptor-api/2.2.0/jakarta.interceptor-api-2.2.0.jar:/Users/ruixue/.m2/repository/jakarta/annotation/jakarta.annotation-api/3.0.0/jakarta.annotation-api-3.0.0.jar:/Users/ruixue/.m2/repository/io/smallrye/reactive/mutiny/2.9.0/mutiny-2.9.0.jar:/Users/ruixue/.m2/repository/io/smallrye/common/smallrye-common-annotation/2.12.0/smallrye-common-annotation-2.12.0.jar:/Users/ruixue/.m2/repository/org/jctools/jctools-core/4.0.5/jctools-core-4.0.5.jar:/Users/ruixue/.m2/repository/org/jboss/logging/jboss-logging/3.6.1.Final/jboss-logging-3.6.1.Final.jar:/Users/ruixue/.m2/repository/io/quarkus/quarkus-core/3.23.3/quarkus-core-3.23.3.jar:/Users/ruixue/.m2/repository/jakarta/inject/jakarta.inject-api/2.0.1/jakarta.inject-api-2.0.1.jar:/Users/ruixue/.m2/repository/io/smallrye/common/smallrye-common-os/2.12.0/smallrye-common-os-2.12.0.jar:/Users/ruixue/.m2/repository/io/quarkus/quarkus-ide-launcher/3.23.3/quarkus-ide-launcher-3.23.3.jar:/Users/ruixue/.m2/repository/io/quarkus/quarkus-development-mode-spi/3.23.3/quarkus-development-mode-spi-3.23.3.jar:/Users/ruixue/.m2/repository/io/smallrye/config/smallrye-config/3.13.1/smallrye-config-3.13.1.jar:/Users/ruixue/.m2/repository/io/smallrye/config/smallrye-config-core/3.13.1/smallrye-config-core-3.13.1.jar:/Users/ruixue/.m2/repository/io/smallrye/common/smallrye-common-classloader/2.12.0/smallrye-common-classloader-2.12.0.jar:/Users/ruixue/.m2/repository/io/smallrye/config/smallrye-config-common/3.13.1/smallrye-config-common-3.13.1.jar:/Users/ruixue/.m2/repository/org/jboss/logmanager/jboss-logmanager/3.1.2.Final/jboss-logmanager-3.1.2.Final.jar:/Users/ruixue/.m2/repository/io/smallrye/common/smallrye-common-constraint/2.12.0/smallrye-common-constraint-2.12.0.jar:/Users/ruixue/.m2/repository/io/smallrye/common/smallrye-common-cpu/2.12.0/smallrye-common-cpu-2.12.0.jar:/Users/ruixue/.m2/repository/io/smallrye/common/smallrye-common-expression/2.12.0/smallrye-common-expression-2.12.0.jar:/Users/ruixue/.m2/repository/io/smallrye/common/smallrye-common-net/2.12.0/smallrye-common-net-2.12.0.jar:/Users/ruixue/.m2/repository/io/smallrye/common/smallrye-common-ref/2.12.0/smallrye-common-ref-2.12.0.jar:/Users/ruixue/.m2/repository/jakarta/json/jakarta.json-api/2.1.3/jakarta.json-api-2.1.3.jar:/Users/ruixue/.m2/repository/org/eclipse/parsson/parsson/1.1.7/parsson-1.1.7.jar:/Users/ruixue/.m2/repository/org/jboss/threads/jboss-threads/3.9.1/jboss-threads-3.9.1.jar:/Users/ruixue/.m2/repository/io/smallrye/common/smallrye-common-function/2.12.0/smallrye-common-function-2.12.0.jar:/Users/ruixue/.m2/repository/org/slf4j/slf4j-api/2.0.6/slf4j-api-2.0.6.jar:/Users/ruixue/.m2/repository/org/jboss/slf4j/slf4j-jboss-logmanager/2.0.0.Final/slf4j-jboss-logmanager-2.0.0.Final.jar:/Users/ruixue/.m2/repository/org/wildfly/common/wildfly-common/2.0.1/wildfly-common-2.0.1.jar:/Users/ruixue/.m2/repository/io/quarkus/quarkus-bootstrap-runner/3.23.3/quarkus-bootstrap-runner-3.23.3.jar:/Users/ruixue/.m2/repository/io/quarkus/quarkus-fs-util/1.0.0/quarkus-fs-util-1.0.0.jar:/Users/ruixue/.m2/repository/org/eclipse/microprofile/context-propagation/microprofile-context-propagation-api/1.3/microprofile-context-propagation-api-1.3.jar:/Users/ruixue/.m2/repository/io/quarkus/quarkus-jdbc-postgresql/3.23.3/quarkus-jdbc-postgresql-3.23.3.jar:/Users/ruixue/.m2/repository/io/quarkus/quarkus-agroal/3.23.3/quarkus-agroal-3.23.3.jar:/Users/ruixue/.m2/repository/io/quarkus/quarkus-datasource/3.23.3/quarkus-datasource-3.23.3.jar:/Users/ruixue/.m2/repository/io/agroal/agroal-api/2.7.1/agroal-api-2.7.1.jar:/Users/ruixue/.m2/repository/io/agroal/agroal-narayana/2.7.1/agroal-narayana-2.7.1.jar:/Users/ruixue/.m2/repository/org/jboss/jboss-transaction-spi/8.0.0.Final/jboss-transaction-spi-8.0.0.Final.jar:/Users/ruixue/.m2/repository/io/agroal/agroal-pool/2.7.1/agroal-pool-2.7.1.jar:/Users/ruixue/.m2/repository/io/quarkus/quarkus-credentials/3.23.3/quarkus-credentials-3.23.3.jar:/Users/ruixue/.m2/repository/org/postgresql/postgresql/42.7.6/postgresql-42.7.6.jar:/Users/ruixue/.m2/repository/io/quarkus/quarkus-hibernate-orm/3.23.3/quarkus-hibernate-orm-3.23.3.jar:/Users/ruixue/.m2/repository/io/quarkus/quarkus-narayana-jta/3.23.3/quarkus-narayana-jta-3.23.3.jar:/Users/ruixue/.m2/repository/io/quarkus/quarkus-transaction-annotations/3.23.3/quarkus-transaction-annotations-3.23.3.jar:/Users/ruixue/.m2/repository/io/quarkus/quarkus-datasource-common/3.23.3/quarkus-datasource-common-3.23.3.jar:/Users/ruixue/.m2/repository/io/smallrye/smallrye-context-propagation-jta/2.2.1/smallrye-context-propagation-jta-2.2.1.jar:/Users/ruixue/.m2/repository/io/smallrye/reactive/smallrye-reactive-converter-api/3.0.3/smallrye-reactive-converter-api-3.0.3.jar:/Users/ruixue/.m2/repository/org/reactivestreams/reactive-streams/1.0.4/reactive-streams-1.0.4.jar:/Users/ruixue/.m2/repository/io/smallrye/reactive/smallrye-reactive-converter-mutiny/3.0.3/smallrye-reactive-converter-mutiny-3.0.3.jar:/Users/ruixue/.m2/repository/io/smallrye/reactive/mutiny-zero-flow-adapters/1.1.1/mutiny-zero-flow-adapters-1.1.1.jar:/Users/ruixue/.m2/repository/org/jboss/narayana/jta/narayana-jta/7.2.2.Final/narayana-jta-7.2.2.Final.jar:/Users/ruixue/.m2/repository/jakarta/resource/jakarta.resource-api/2.1.0/jakarta.resource-api-2.1.0.jar:/Users/ruixue/.m2/repository/org/jboss/invocation/jboss-invocation/2.0.0.Final/jboss-invocation-2.0.0.Final.jar:/Users/ruixue/.m2/repository/org/eclipse/microprofile/reactive-streams-operators/microprofile-reactive-streams-operators-api/3.0.1/microprofile-reactive-streams-operators-api-3.0.1.jar:/Users/ruixue/.m2/repository/org/jboss/narayana/jts/narayana-jts-integration/7.2.2.Final/narayana-jts-integration-7.2.2.Final.jar:/Users/ruixue/.m2/repository/org/hibernate/orm/hibernate-core/6.6.17.Final/hibernate-core-6.6.17.Final.jar:/Users/ruixue/.m2/repository/com/fasterxml/classmate/1.7.0/classmate-1.7.0.jar:/Users/ruixue/.m2/repository/org/antlr/antlr4-runtime/4.13.0/antlr4-runtime-4.13.0.jar:/Users/ruixue/.m2/repository/net/bytebuddy/byte-buddy/1.15.11/byte-buddy-1.15.11.jar:/Users/ruixue/.m2/repository/org/hibernate/common/hibernate-commons-annotations/7.0.3.Final/hibernate-commons-annotations-7.0.3.Final.jar:/Users/ruixue/.m2/repository/org/hibernate/orm/hibernate-graalvm/6.6.17.Final/hibernate-graalvm-6.6.17.Final.jar:/Users/ruixue/.m2/repository/org/glassfish/jaxb/jaxb-runtime/4.0.5/jaxb-runtime-4.0.5.jar:/Users/ruixue/.m2/repository/org/glassfish/jaxb/jaxb-core/4.0.5/jaxb-core-4.0.5.jar:/Users/ruixue/.m2/repository/org/eclipse/angus/angus-activation/2.0.2/angus-activation-2.0.2.jar:/Users/ruixue/.m2/repository/org/glassfish/jaxb/txw2/4.0.5/txw2-4.0.5.jar:/Users/ruixue/.m2/repository/com/sun/istack/istack-commons-runtime/4.1.2/istack-commons-runtime-4.1.2.jar:/Users/ruixue/.m2/repository/jakarta/xml/bind/jakarta.xml.bind-api/4.0.2/jakarta.xml.bind-api-4.0.2.jar:/Users/ruixue/.m2/repository/jakarta/activation/jakarta.activation-api/2.1.3/jakarta.activation-api-2.1.3.jar:/Users/ruixue/.m2/repository/jakarta/persistence/jakarta.persistence-api/3.1.0/jakarta.persistence-api-3.1.0.jar:/Users/ruixue/.m2/repository/jakarta/transaction/jakarta.transaction-api/2.0.1/jakarta.transaction-api-2.0.1.jar:/Users/ruixue/.m2/repository/org/hibernate/quarkus-local-cache/0.3.1/quarkus-local-cache-0.3.1.jar:/Users/ruixue/.m2/repository/io/quarkus/quarkus-caffeine/3.23.3/quarkus-caffeine-3.23.3.jar:/Users/ruixue/.m2/repository/com/github/ben-manes/caffeine/caffeine/3.2.0/caffeine-3.2.0.jar:/Users/ruixue/.m2/repository/org/jspecify/jspecify/1.0.0/jspecify-1.0.0.jar:/Users/ruixue/.m2/repository/com/google/errorprone/error_prone_annotations/2.37.0/error_prone_annotations-2.37.0.jar:/Users/ruixue/.m2/repository/io/quarkiverse/jberet/quarkus-jberet/2.6.0/quarkus-jberet-2.6.0.jar:/Users/ruixue/.m2/repository/io/quarkus/quarkus-smallrye-context-propagation/3.23.3/quarkus-smallrye-context-propagation-3.23.3.jar:/Users/ruixue/.m2/repository/io/smallrye/smallrye-context-propagation/2.2.1/smallrye-context-propagation-2.2.1.jar:/Users/ruixue/.m2/repository/org/eclipse/microprofile/config/microprofile-config-api/3.1/microprofile-config-api-3.1.jar:/Users/ruixue/.m2/repository/io/smallrye/smallrye-context-propagation-api/2.2.1/smallrye-context-propagation-api-2.2.1.jar:/Users/ruixue/.m2/repository/io/smallrye/smallrye-context-propagation-storage/2.2.1/smallrye-context-propagation-storage-2.2.1.jar:/Users/ruixue/.m2/repository/org/jberet/jberet-core/3.1.0.Final/jberet-core-3.1.0.Final.jar:/Users/ruixue/.m2/repository/org/jberet/jberet-schedule-executor/3.0.0.Final/jberet-schedule-executor-3.0.0.Final.jar:/Users/ruixue/.m2/repository/com/cronutils/cron-utils/9.2.1/cron-utils-9.2.1.jar:/Users/ruixue/.m2/repository/jakarta/batch/jakarta.batch-api/2.1.1/jakarta.batch-api-2.1.1.jar:/Users/ruixue/.m2/repository/org/graalvm/sdk/graal-sdk/23.1.2/graal-sdk-23.1.2.jar:/Users/ruixue/.m2/repository/org/graalvm/sdk/collections/23.1.2/collections-23.1.2.jar:/Users/ruixue/.m2/repository/org/graalvm/sdk/nativeimage/23.1.2/nativeimage-23.1.2.jar:/Users/ruixue/.m2/repository/org/graalvm/sdk/word/23.1.2/word-23.1.2.jar:/Users/ruixue/.m2/repository/org/wildfly/security/wildfly-elytron-security-manager/1.19.0.Final/wildfly-elytron-security-manager-1.19.0.Final.jar:/Users/ruixue/.m2/repository/org/wildfly/security/wildfly-elytron-base/2.6.4.Final/wildfly-elytron-base-2.6.4.Final.jar:/Users/ruixue/.m2/repository/org/wildfly/security/wildfly-elytron-permission/2.6.4.Final/wildfly-elytron-permission-2.6.4.Final.jar:/Users/ruixue/.m2/repository/org/wildfly/security/wildfly-elytron-security-manager-action/2.6.4.Final/wildfly-elytron-security-manager-action-2.6.4.Final.jar:/Users/ruixue/.m2/repository/org/wildfly/security/wildfly-elytron-util/2.6.4.Final/wildfly-elytron-util-2.6.4.Final.jar:/Users/ruixue/.m2/repository/org/wildfly/security/wildfly-elytron-asn1/2.6.4.Final/wildfly-elytron-asn1-2.6.4.Final.jar:/Users/ruixue/.m2/repository/jakarta/ejb/jakarta.ejb-api/4.0.1/jakarta.ejb-api-4.0.1.jar:/Users/ruixue/.m2/repository/io/quarkus/quarkus-resteasy/3.23.3/quarkus-resteasy-3.23.3.jar:/Users/ruixue/.m2/repository/io/quarkus/quarkus-vertx-http/3.23.3/quarkus-vertx-http-3.23.3.jar:/Users/ruixue/.m2/repository/io/quarkus/quarkus-security-runtime-spi/3.23.3/quarkus-security-runtime-spi-3.23.3.jar:/Users/ruixue/.m2/repository/io/quarkus/quarkus-tls-registry/3.23.3/quarkus-tls-registry-3.23.3.jar:/Users/ruixue/.m2/repository/io/quarkus/quarkus-tls-registry-spi/3.23.3/quarkus-tls-registry-spi-3.23.3.jar:/Users/ruixue/.m2/repository/io/smallrye/certs/smallrye-private-key-pem-parser/0.9.2/smallrye-private-key-pem-parser-0.9.2.jar:/Users/ruixue/.m2/repository/io/smallrye/common/smallrye-common-vertx-context/2.12.0/smallrye-common-vertx-context-2.12.0.jar:/Users/ruixue/.m2/repository/io/vertx/vertx-core/4.5.14/vertx-core-4.5.14.jar:/Users/ruixue/.m2/repository/io/netty/netty-common/4.1.121.Final/netty-common-4.1.121.Final.jar:/Users/ruixue/.m2/repository/io/netty/netty-buffer/4.1.121.Final/netty-buffer-4.1.121.Final.jar:/Users/ruixue/.m2/repository/io/netty/netty-transport/4.1.121.Final/netty-transport-4.1.121.Final.jar:/Users/ruixue/.m2/repository/io/netty/netty-handler/4.1.121.Final/netty-handler-4.1.121.Final.jar:/Users/ruixue/.m2/repository/io/netty/netty-transport-native-unix-common/4.1.121.Final/netty-transport-native-unix-common-4.1.121.Final.jar:/Users/ruixue/.m2/repository/io/netty/netty-handler-proxy/4.1.121.Final/netty-handler-proxy-4.1.121.Final.jar:/Users/ruixue/.m2/repository/io/netty/netty-codec-socks/4.1.121.Final/netty-codec-socks-4.1.121.Final.jar:/Users/ruixue/.m2/repository/io/netty/netty-codec-http/4.1.121.Final/netty-codec-http-4.1.121.Final.jar:/Users/ruixue/.m2/repository/io/netty/netty-codec-http2/4.1.121.Final/netty-codec-http2-4.1.121.Final.jar:/Users/ruixue/.m2/repository/io/netty/netty-resolver/4.1.121.Final/netty-resolver-4.1.121.Final.jar:/Users/ruixue/.m2/repository/io/netty/netty-resolver-dns/4.1.121.Final/netty-resolver-dns-4.1.121.Final.jar:/Users/ruixue/.m2/repository/io/netty/netty-codec-dns/4.1.121.Final/netty-codec-dns-4.1.121.Final.jar:/Users/ruixue/.m2/repository/com/fasterxml/jackson/core/jackson-core/2.18.3/jackson-core-2.18.3.jar:/Users/ruixue/.m2/repository/io/quarkus/security/quarkus-security/2.2.1/quarkus-security-2.2.1.jar:/Users/ruixue/.m2/repository/io/quarkus/quarkus-vertx/3.23.3/quarkus-vertx-3.23.3.jar:/Users/ruixue/.m2/repository/io/quarkus/quarkus-netty/3.23.3/quarkus-netty-3.23.3.jar:/Users/ruixue/.m2/repository/io/netty/netty-codec/4.1.121.Final/netty-codec-4.1.121.Final.jar:/Users/ruixue/.m2/repository/io/netty/netty-codec-haproxy/4.1.121.Final/netty-codec-haproxy-4.1.121.Final.jar:/Users/ruixue/.m2/repository/io/quarkus/quarkus-virtual-threads/3.23.3/quarkus-virtual-threads-3.23.3.jar:/Users/ruixue/.m2/repository/io/quarkus/quarkus-vertx-latebound-mdc-provider/3.23.3/quarkus-vertx-latebound-mdc-provider-3.23.3.jar:/Users/ruixue/.m2/repository/io/smallrye/reactive/smallrye-mutiny-vertx-core/3.19.0/smallrye-mutiny-vertx-core-3.19.0.jar:/Users/ruixue/.m2/repository/io/smallrye/reactive/smallrye-mutiny-vertx-runtime/3.19.0/smallrye-mutiny-vertx-runtime-3.19.0.jar:/Users/ruixue/.m2/repository/io/smallrye/reactive/vertx-mutiny-generator/3.19.0/vertx-mutiny-generator-3.19.0.jar:/Users/ruixue/.m2/repository/io/vertx/vertx-codegen/4.5.14/vertx-codegen-4.5.14.jar:/Users/ruixue/.m2/repository/io/smallrye/smallrye-fault-tolerance-vertx/6.9.1/smallrye-fault-tolerance-vertx-6.9.1.jar:/Users/ruixue/.m2/repository/io/smallrye/reactive/smallrye-mutiny-vertx-web/3.19.0/smallrye-mutiny-vertx-web-3.19.0.jar:/Users/ruixue/.m2/repository/io/smallrye/reactive/smallrye-mutiny-vertx-web-common/3.19.0/smallrye-mutiny-vertx-web-common-3.19.0.jar:/Users/ruixue/.m2/repository/io/smallrye/reactive/smallrye-mutiny-vertx-auth-common/3.19.0/smallrye-mutiny-vertx-auth-common-3.19.0.jar:/Users/ruixue/.m2/repository/io/smallrye/reactive/smallrye-mutiny-vertx-bridge-common/3.19.0/smallrye-mutiny-vertx-bridge-common-3.19.0.jar:/Users/ruixue/.m2/repository/io/smallrye/reactive/smallrye-mutiny-vertx-uri-template/3.19.0/smallrye-mutiny-vertx-uri-template-3.19.0.jar:/Users/ruixue/.m2/repository/io/vertx/vertx-uri-template/4.5.14/vertx-uri-template-4.5.14.jar:/Users/ruixue/.m2/repository/io/vertx/vertx-web/4.5.14/vertx-web-4.5.14.jar:/Users/ruixue/.m2/repository/io/vertx/vertx-web-common/4.5.14/vertx-web-common-4.5.14.jar:/Users/ruixue/.m2/repository/io/vertx/vertx-auth-common/4.5.14/vertx-auth-common-4.5.14.jar:/Users/ruixue/.m2/repository/io/vertx/vertx-bridge-common/4.5.14/vertx-bridge-common-4.5.14.jar:/Users/ruixue/.m2/repository/io/github/crac/org-crac/0.1.3/org-crac-0.1.3.jar:/Users/ruixue/.m2/repository/com/aayushatharva/brotli4j/brotli4j/1.16.0/brotli4j-1.16.0.jar:/Users/ruixue/.m2/repository/com/aayushatharva/brotli4j/service/1.16.0/service-1.16.0.jar:/Users/ruixue/.m2/repository/com/aayushatharva/brotli4j/native-osx-aarch64/1.16.0/native-osx-aarch64-1.16.0.jar:/Users/ruixue/.m2/repository/io/quarkus/vertx/utils/quarkus-vertx-utils/3.23.3/quarkus-vertx-utils-3.23.3.jar:/Users/ruixue/.m2/repository/io/quarkus/quarkus-resteasy-server-common/3.23.3/quarkus-resteasy-server-common-3.23.3.jar:/Users/ruixue/.m2/repository/io/quarkus/quarkus-resteasy-common/3.23.3/quarkus-resteasy-common-3.23.3.jar:/Users/ruixue/.m2/repository/org/jboss/resteasy/resteasy-core/6.2.12.Final/resteasy-core-6.2.12.Final.jar:/Users/ruixue/.m2/repository/com/ibm/async/asyncutil/0.1.0/asyncutil-0.1.0.jar:/Users/ruixue/.m2/repository/jakarta/ws/rs/jakarta.ws.rs-api/3.1.0/jakarta.ws.rs-api-3.1.0.jar:/Users/ruixue/.m2/repository/org/jboss/resteasy/microprofile/microprofile-config/3.0.1.Final/microprofile-config-3.0.1.Final.jar:/Users/ruixue/.m2/repository/jakarta/servlet/jakarta.servlet-api/6.0.0/jakarta.servlet-api-6.0.0.jar:/Users/ruixue/.m2/repository/org/jboss/resteasy/resteasy-cdi/6.2.12.Final/resteasy-cdi-6.2.12.Final.jar:/Users/ruixue/.m2/repository/org/jboss/resteasy/resteasy-core-spi/6.2.12.Final/resteasy-core-spi-6.2.12.Final.jar:/Users/ruixue/.m2/repository/jakarta/validation/jakarta.validation-api/3.0.2/jakarta.validation-api-3.0.2.jar:/Users/ruixue/.m2/repository/io/quarkus/quarkus-junit5/3.23.3/quarkus-junit5-3.23.3.jar:/Users/ruixue/.m2/repository/io/quarkus/quarkus-bootstrap-core/3.23.3/quarkus-bootstrap-core-3.23.3.jar:/Users/ruixue/.m2/repository/io/quarkus/quarkus-classloader-commons/3.23.3/quarkus-classloader-commons-3.23.3.jar:/Users/ruixue/.m2/repository/io/quarkus/quarkus-bootstrap-app-model/3.23.3/quarkus-bootstrap-app-model-3.23.3.jar:/Users/ruixue/.m2/repository/io/smallrye/common/smallrye-common-io/2.12.0/smallrye-common-io-2.12.0.jar:/Users/ruixue/.m2/repository/org/eclipse/sisu/org.eclipse.sisu.inject/0.9.0.M4/org.eclipse.sisu.inject-0.9.0.M4.jar:/Users/ruixue/.m2/repository/org/ow2/asm/asm/9.8/asm-9.8.jar:/Users/ruixue/.m2/repository/io/quarkus/quarkus-test-common/3.23.3/quarkus-test-common-3.23.3.jar:/Users/ruixue/.m2/repository/io/quarkus/quarkus-core-deployment/3.23.3/quarkus-core-deployment-3.23.3.jar:/Users/ruixue/.m2/repository/org/aesh/readline/2.6/readline-2.6.jar:/Users/ruixue/.m2/repository/org/fusesource/jansi/jansi/2.4.0/jansi-2.4.0.jar:/Users/ruixue/.m2/repository/org/aesh/aesh/2.8.2/aesh-2.8.2.jar:/Users/ruixue/.m2/repository/org/apache/commons/commons-lang3/3.17.0/commons-lang3-3.17.0.jar:/Users/ruixue/.m2/repository/io/quarkus/gizmo/gizmo/1.9.0/gizmo-1.9.0.jar:/Users/ruixue/.m2/repository/org/ow2/asm/asm-util/9.8/asm-util-9.8.jar:/Users/ruixue/.m2/repository/org/ow2/asm/asm-analysis/9.8/asm-analysis-9.8.jar:/Users/ruixue/.m2/repository/org/ow2/asm/asm-commons/9.8/asm-commons-9.8.jar:/Users/ruixue/.m2/repository/org/ow2/asm/asm-tree/9.8/asm-tree-9.8.jar:/Users/ruixue/.m2/repository/io/quarkus/quarkus-hibernate-validator-spi/3.23.3/quarkus-hibernate-validator-spi-3.23.3.jar:/Users/ruixue/.m2/repository/io/quarkus/quarkus-class-change-agent/3.23.3/quarkus-class-change-agent-3.23.3.jar:/Users/ruixue/.m2/repository/io/quarkus/quarkus-devtools-utilities/3.23.3/quarkus-devtools-utilities-3.23.3.jar:/Users/ruixue/.m2/repository/io/quarkus/quarkus-builder/3.23.3/quarkus-builder-3.23.3.jar:/Users/ruixue/.m2/repository/org/junit/platform/junit-platform-launcher/1.12.2/junit-platform-launcher-1.12.2.jar:/Users/ruixue/.m2/repository/io/quarkus/quarkus-bootstrap-maven-resolver/3.23.3/quarkus-bootstrap-maven-resolver-3.23.3.jar:/Users/ruixue/.m2/repository/io/smallrye/beanbag/smallrye-beanbag-maven/1.5.3/smallrye-beanbag-maven-1.5.3.jar:/Users/ruixue/.m2/repository/io/smallrye/beanbag/smallrye-beanbag-sisu/1.5.3/smallrye-beanbag-sisu-1.5.3.jar:/Users/ruixue/.m2/repository/io/smallrye/beanbag/smallrye-beanbag/1.5.3/smallrye-beanbag-1.5.3.jar:/Users/ruixue/.m2/repository/commons-codec/commons-codec/1.18.0/commons-codec-1.18.0.jar:/Users/ruixue/.m2/repository/javax/inject/javax.inject/1/javax.inject-1.jar:/Users/ruixue/.m2/repository/org/apache/httpcomponents/httpclient/4.5.14/httpclient-4.5.14.jar:/Users/ruixue/.m2/repository/org/apache/httpcomponents/httpcore/4.4.16/httpcore-4.4.16.jar:/Users/ruixue/.m2/repository/org/apache/maven/maven-artifact/3.9.9/maven-artifact-3.9.9.jar:/Users/ruixue/.m2/repository/org/apache/maven/maven-builder-support/3.9.9/maven-builder-support-3.9.9.jar:/Users/ruixue/.m2/repository/org/apache/maven/maven-model/3.9.9/maven-model-3.9.9.jar:/Users/ruixue/.m2/repository/org/apache/maven/maven-model-builder/3.9.9/maven-model-builder-3.9.9.jar:/Users/ruixue/.m2/repository/org/apache/maven/maven-repository-metadata/3.9.9/maven-repository-metadata-3.9.9.jar:/Users/ruixue/.m2/repository/org/apache/maven/maven-settings/3.9.9/maven-settings-3.9.9.jar:/Users/ruixue/.m2/repository/org/apache/maven/resolver/maven-resolver-api/1.9.22/maven-resolver-api-1.9.22.jar:/Users/ruixue/.m2/repository/org/apache/maven/resolver/maven-resolver-impl/1.9.22/maven-resolver-impl-1.9.22.jar:/Users/ruixue/.m2/repository/org/apache/maven/resolver/maven-resolver-named-locks/1.9.22/maven-resolver-named-locks-1.9.22.jar:/Users/ruixue/.m2/repository/org/apache/maven/resolver/maven-resolver-spi/1.9.22/maven-resolver-spi-1.9.22.jar:/Users/ruixue/.m2/repository/org/apache/maven/resolver/maven-resolver-util/1.9.22/maven-resolver-util-1.9.22.jar:/Users/ruixue/.m2/repository/org/apache/maven/resolver/maven-resolver-transport-http/1.9.23/maven-resolver-transport-http-1.9.23.jar:/Users/ruixue/.m2/repository/org/apache/maven/wagon/wagon-provider-api/3.5.3/wagon-provider-api-3.5.3.jar:/Users/ruixue/.m2/repository/org/apache/maven/wagon/wagon-http-shared/3.5.3/wagon-http-shared-3.5.3.jar:/Users/ruixue/.m2/repository/org/codehaus/plexus/plexus-interpolation/1.26/plexus-interpolation-1.26.jar:/Users/ruixue/.m2/repository/org/codehaus/plexus/plexus-utils/3.5.1/plexus-utils-3.5.1.jar:/Users/ruixue/.m2/repository/org/codehaus/plexus/plexus-xml/4.0.2/plexus-xml-4.0.2.jar:/Users/ruixue/.m2/repository/org/apache/maven/maven-xml-impl/4.0.0-alpha-7/maven-xml-impl-4.0.0-alpha-7.jar:/Users/ruixue/.m2/repository/org/apache/maven/maven-api-xml/4.0.0-alpha-7/maven-api-xml-4.0.0-alpha-7.jar:/Users/ruixue/.m2/repository/org/apache/maven/maven-api-meta/4.0.0-alpha-7/maven-api-meta-4.0.0-alpha-7.jar:/Users/ruixue/.m2/repository/org/codehaus/plexus/plexus-cipher/2.0/plexus-cipher-2.0.jar:/Users/ruixue/.m2/repository/org/codehaus/plexus/plexus-sec-dispatcher/2.0/plexus-sec-dispatcher-2.0.jar:/Users/ruixue/.m2/repository/org/apache/maven/maven-embedder/3.9.9/maven-embedder-3.9.9.jar:/Users/ruixue/.m2/repository/org/apache/maven/maven-core/3.9.9/maven-core-3.9.9.jar:/Users/ruixue/.m2/repository/org/codehaus/plexus/plexus-component-annotations/2.1.0/plexus-component-annotations-2.1.0.jar:/Users/ruixue/.m2/repository/org/apache/maven/maven-plugin-api/3.9.9/maven-plugin-api-3.9.9.jar:/Users/ruixue/.m2/repository/org/apache/maven/shared/maven-shared-utils/3.4.2/maven-shared-utils-3.4.2.jar:/Users/ruixue/.m2/repository/com/google/inject/guice/5.1.0/guice-5.1.0.jar:/Users/ruixue/.m2/repository/aopalliance/aopalliance/1.0/aopalliance-1.0.jar:/Users/ruixue/.m2/repository/com/google/guava/guava/33.4.8-jre/guava-33.4.8-jre.jar:/Users/ruixue/.m2/repository/com/google/guava/failureaccess/1.0.1/failureaccess-1.0.1.jar:/Users/ruixue/.m2/repository/javax/annotation/javax.annotation-api/1.3.2/javax.annotation-api-1.3.2.jar:/Users/ruixue/.m2/repository/org/codehaus/plexus/plexus-classworlds/2.6.0/plexus-classworlds-2.6.0.jar:/Users/ruixue/.m2/repository/commons-cli/commons-cli/1.8.0/commons-cli-1.8.0.jar:/Users/ruixue/.m2/repository/org/eclipse/sisu/org.eclipse.sisu.plexus/0.9.0.M4/org.eclipse.sisu.plexus-0.9.0.M4.jar:/Users/ruixue/.m2/repository/org/apache/maven/maven-settings-builder/3.9.9/maven-settings-builder-3.9.9.jar:/Users/ruixue/.m2/repository/org/apache/maven/maven-resolver-provider/3.9.9/maven-resolver-provider-3.9.9.jar:/Users/ruixue/.m2/repository/org/apache/maven/resolver/maven-resolver-connector-basic/1.9.22/maven-resolver-connector-basic-1.9.22.jar:/Users/ruixue/.m2/repository/org/apache/maven/resolver/maven-resolver-transport-wagon/1.9.22/maven-resolver-transport-wagon-1.9.22.jar:/Users/ruixue/.m2/repository/org/apache/maven/wagon/wagon-http/3.5.3/wagon-http-3.5.3.jar:/Users/ruixue/.m2/repository/org/apache/maven/wagon/wagon-file/3.5.3/wagon-file-3.5.3.jar:/Users/ruixue/.m2/repository/io/quarkus/quarkus-bootstrap-gradle-resolver/3.23.3/quarkus-bootstrap-gradle-resolver-3.23.3.jar:/Users/ruixue/.m2/repository/io/smallrye/jandex/3.3.1/jandex-3.3.1.jar:/Users/ruixue/.m2/repository/commons-io/commons-io/2.19.0/commons-io-2.19.0.jar:/Users/ruixue/.m2/repository/org/jboss/logging/commons-logging-jboss-logging/1.0.0.Final/commons-logging-jboss-logging-1.0.0.Final.jar:/Users/ruixue/.m2/repository/io/quarkus/quarkus-junit5-config/3.23.3/quarkus-junit5-config-3.23.3.jar:/Users/ruixue/.m2/repository/org/junit/jupiter/junit-jupiter-api/5.12.2/junit-jupiter-api-5.12.2.jar:/Users/ruixue/.m2/repository/org/opentest4j/opentest4j/1.3.0/opentest4j-1.3.0.jar:/Users/ruixue/.m2/repository/org/junit/platform/junit-platform-commons/1.12.2/junit-platform-commons-1.12.2.jar:/Users/ruixue/.m2/repository/org/apiguardian/apiguardian-api/1.1.2/apiguardian-api-1.1.2.jar:/Users/ruixue/.m2/repository/org/junit/jupiter/junit-jupiter/5.12.2/junit-jupiter-5.12.2.jar:/Users/ruixue/.m2/repository/org/junit/jupiter/junit-jupiter-params/5.12.2/junit-jupiter-params-5.12.2.jar:/Users/ruixue/.m2/repository/org/junit/jupiter/junit-jupiter-engine/5.12.2/junit-jupiter-engine-5.12.2.jar:/Users/ruixue/.m2/repository/org/junit/platform/junit-platform-engine/1.12.2/junit-platform-engine-1.12.2.jar:/Users/ruixue/.m2/repository/io/quarkus/quarkus-junit5-mockito/3.23.3/quarkus-junit5-mockito-3.23.3.jar:/Users/ruixue/.m2/repository/org/mockito/mockito-junit-jupiter/5.17.0/mockito-junit-jupiter-5.17.0.jar:/Users/ruixue/.m2/repository/io/quarkus/quarkus-junit5-mockito-config/3.23.3/quarkus-junit5-mockito-config-3.23.3.jar:/Users/ruixue/.m2/repository/io/quarkus/quarkus-arc-deployment/3.23.3/quarkus-arc-deployment-3.23.3.jar:/Users/ruixue/.m2/repository/io/quarkus/quarkus-smallrye-context-propagation-spi/3.23.3/quarkus-smallrye-context-propagation-spi-3.23.3.jar:/Users/ruixue/.m2/repository/io/quarkus/quarkus-vertx-http-dev-ui-spi/3.23.3/quarkus-vertx-http-dev-ui-spi-3.23.3.jar:/Users/ruixue/.m2/repository/io/quarkus/quarkus-arc-dev/3.23.3/quarkus-arc-dev-3.23.3.jar:/Users/ruixue/.m2/repository/io/quarkus/arc/arc-processor/3.23.3/arc-processor-3.23.3.jar:/Users/ruixue/.m2/repository/org/mockito/mockito-core/5.17.0/mockito-core-5.17.0.jar:/Users/ruixue/.m2/repository/net/bytebuddy/byte-buddy-agent/1.15.11/byte-buddy-agent-1.15.11.jar:/Users/ruixue/.m2/repository/org/objenesis/objenesis/3.3/objenesis-3.3.jar:/Users/ruixue/.m2/repository/io/quarkus/quarkus-mutiny/3.23.3/quarkus-mutiny-3.23.3.jar:/Users/ruixue/.m2/repository/io/smallrye/reactive/mutiny-smallrye-context-propagation/2.9.0/mutiny-smallrye-context-propagation-2.9.0.jar:/Users/ruixue/.m2/repository/org/assertj/assertj-core/3.27.3/assertj-core-3.27.3.jar:"/>
    <property name="java.vm.vendor" value="Homebrew"/>
    <property name="sun.arch.data.model" value="64"/>
    <property name="java.vendor.url" value="https://github.com/Homebrew/homebrew-core/issues"/>
    <property name="user.timezone" value="Europe/Helsinki"/>
    <property name="os.name" value="Mac OS X"/>
    <property name="java.vm.specification.version" value="17"/>
    <property name="sun.java.launcher" value="SUN_STANDARD"/>
    <property name="user.country" value="FI"/>
    <property name="sun.boot.library.path" value="/opt/homebrew/Cellar/openjdk@17/17.0.10/libexec/openjdk.jdk/Contents/Home/lib"/>
    <property name="sun.java.command" value="/Users/ruixue/git/github/ingestion-api/ingestion-manager/target/surefire/surefirebooter-20250622215838798_3.jar /Users/ruixue/git/github/ingestion-api/ingestion-manager/target/surefire 2025-06-22T21-58-38_757-jvmRun1 surefire-20250622215838798_1tmp surefire_0-20250622215838798_2tmp"/>
    <property name="http.nonProxyHosts" value="local|*.local|169.254/16|*.169.254/16"/>
    <property name="jdk.debug" value="release"/>
    <property name="maven.home" value="/opt/homebrew/Cellar/maven/3.9.6/libexec"/>
    <property name="quarkus.package.jar.type" value="legacy-jar"/>
    <property name="surefire.test.class.path" value="/Users/ruixue/git/github/ingestion-api/ingestion-manager/target/test-classes:/Users/ruixue/git/github/ingestion-api/ingestion-manager/target/classes:/Users/ruixue/.m2/repository/io/quarkus/quarkus-arc/3.23.3/quarkus-arc-3.23.3.jar:/Users/ruixue/.m2/repository/io/quarkus/arc/arc/3.23.3/arc-3.23.3.jar:/Users/ruixue/.m2/repository/jakarta/enterprise/jakarta.enterprise.cdi-api/4.1.0/jakarta.enterprise.cdi-api-4.1.0.jar:/Users/ruixue/.m2/repository/jakarta/enterprise/jakarta.enterprise.lang-model/4.1.0/jakarta.enterprise.lang-model-4.1.0.jar:/Users/ruixue/.m2/repository/jakarta/el/jakarta.el-api/5.0.1/jakarta.el-api-5.0.1.jar:/Users/ruixue/.m2/repository/jakarta/interceptor/jakarta.interceptor-api/2.2.0/jakarta.interceptor-api-2.2.0.jar:/Users/ruixue/.m2/repository/jakarta/annotation/jakarta.annotation-api/3.0.0/jakarta.annotation-api-3.0.0.jar:/Users/ruixue/.m2/repository/io/smallrye/reactive/mutiny/2.9.0/mutiny-2.9.0.jar:/Users/ruixue/.m2/repository/io/smallrye/common/smallrye-common-annotation/2.12.0/smallrye-common-annotation-2.12.0.jar:/Users/ruixue/.m2/repository/org/jctools/jctools-core/4.0.5/jctools-core-4.0.5.jar:/Users/ruixue/.m2/repository/org/jboss/logging/jboss-logging/3.6.1.Final/jboss-logging-3.6.1.Final.jar:/Users/ruixue/.m2/repository/io/quarkus/quarkus-core/3.23.3/quarkus-core-3.23.3.jar:/Users/ruixue/.m2/repository/jakarta/inject/jakarta.inject-api/2.0.1/jakarta.inject-api-2.0.1.jar:/Users/ruixue/.m2/repository/io/smallrye/common/smallrye-common-os/2.12.0/smallrye-common-os-2.12.0.jar:/Users/ruixue/.m2/repository/io/quarkus/quarkus-ide-launcher/3.23.3/quarkus-ide-launcher-3.23.3.jar:/Users/ruixue/.m2/repository/io/quarkus/quarkus-development-mode-spi/3.23.3/quarkus-development-mode-spi-3.23.3.jar:/Users/ruixue/.m2/repository/io/smallrye/config/smallrye-config/3.13.1/smallrye-config-3.13.1.jar:/Users/ruixue/.m2/repository/io/smallrye/config/smallrye-config-core/3.13.1/smallrye-config-core-3.13.1.jar:/Users/ruixue/.m2/repository/io/smallrye/common/smallrye-common-classloader/2.12.0/smallrye-common-classloader-2.12.0.jar:/Users/ruixue/.m2/repository/io/smallrye/config/smallrye-config-common/3.13.1/smallrye-config-common-3.13.1.jar:/Users/ruixue/.m2/repository/org/jboss/logmanager/jboss-logmanager/3.1.2.Final/jboss-logmanager-3.1.2.Final.jar:/Users/ruixue/.m2/repository/io/smallrye/common/smallrye-common-constraint/2.12.0/smallrye-common-constraint-2.12.0.jar:/Users/ruixue/.m2/repository/io/smallrye/common/smallrye-common-cpu/2.12.0/smallrye-common-cpu-2.12.0.jar:/Users/ruixue/.m2/repository/io/smallrye/common/smallrye-common-expression/2.12.0/smallrye-common-expression-2.12.0.jar:/Users/ruixue/.m2/repository/io/smallrye/common/smallrye-common-net/2.12.0/smallrye-common-net-2.12.0.jar:/Users/ruixue/.m2/repository/io/smallrye/common/smallrye-common-ref/2.12.0/smallrye-common-ref-2.12.0.jar:/Users/ruixue/.m2/repository/jakarta/json/jakarta.json-api/2.1.3/jakarta.json-api-2.1.3.jar:/Users/ruixue/.m2/repository/org/eclipse/parsson/parsson/1.1.7/parsson-1.1.7.jar:/Users/ruixue/.m2/repository/org/jboss/threads/jboss-threads/3.9.1/jboss-threads-3.9.1.jar:/Users/ruixue/.m2/repository/io/smallrye/common/smallrye-common-function/2.12.0/smallrye-common-function-2.12.0.jar:/Users/ruixue/.m2/repository/org/slf4j/slf4j-api/2.0.6/slf4j-api-2.0.6.jar:/Users/ruixue/.m2/repository/org/jboss/slf4j/slf4j-jboss-logmanager/2.0.0.Final/slf4j-jboss-logmanager-2.0.0.Final.jar:/Users/ruixue/.m2/repository/org/wildfly/common/wildfly-common/2.0.1/wildfly-common-2.0.1.jar:/Users/ruixue/.m2/repository/io/quarkus/quarkus-bootstrap-runner/3.23.3/quarkus-bootstrap-runner-3.23.3.jar:/Users/ruixue/.m2/repository/io/quarkus/quarkus-fs-util/1.0.0/quarkus-fs-util-1.0.0.jar:/Users/ruixue/.m2/repository/org/eclipse/microprofile/context-propagation/microprofile-context-propagation-api/1.3/microprofile-context-propagation-api-1.3.jar:/Users/ruixue/.m2/repository/io/quarkus/quarkus-jdbc-postgresql/3.23.3/quarkus-jdbc-postgresql-3.23.3.jar:/Users/ruixue/.m2/repository/io/quarkus/quarkus-agroal/3.23.3/quarkus-agroal-3.23.3.jar:/Users/ruixue/.m2/repository/io/quarkus/quarkus-datasource/3.23.3/quarkus-datasource-3.23.3.jar:/Users/ruixue/.m2/repository/io/agroal/agroal-api/2.7.1/agroal-api-2.7.1.jar:/Users/ruixue/.m2/repository/io/agroal/agroal-narayana/2.7.1/agroal-narayana-2.7.1.jar:/Users/ruixue/.m2/repository/org/jboss/jboss-transaction-spi/8.0.0.Final/jboss-transaction-spi-8.0.0.Final.jar:/Users/ruixue/.m2/repository/io/agroal/agroal-pool/2.7.1/agroal-pool-2.7.1.jar:/Users/ruixue/.m2/repository/io/quarkus/quarkus-credentials/3.23.3/quarkus-credentials-3.23.3.jar:/Users/ruixue/.m2/repository/org/postgresql/postgresql/42.7.6/postgresql-42.7.6.jar:/Users/ruixue/.m2/repository/io/quarkus/quarkus-hibernate-orm/3.23.3/quarkus-hibernate-orm-3.23.3.jar:/Users/ruixue/.m2/repository/io/quarkus/quarkus-narayana-jta/3.23.3/quarkus-narayana-jta-3.23.3.jar:/Users/ruixue/.m2/repository/io/quarkus/quarkus-transaction-annotations/3.23.3/quarkus-transaction-annotations-3.23.3.jar:/Users/ruixue/.m2/repository/io/quarkus/quarkus-datasource-common/3.23.3/quarkus-datasource-common-3.23.3.jar:/Users/ruixue/.m2/repository/io/smallrye/smallrye-context-propagation-jta/2.2.1/smallrye-context-propagation-jta-2.2.1.jar:/Users/ruixue/.m2/repository/io/smallrye/reactive/smallrye-reactive-converter-api/3.0.3/smallrye-reactive-converter-api-3.0.3.jar:/Users/ruixue/.m2/repository/org/reactivestreams/reactive-streams/1.0.4/reactive-streams-1.0.4.jar:/Users/ruixue/.m2/repository/io/smallrye/reactive/smallrye-reactive-converter-mutiny/3.0.3/smallrye-reactive-converter-mutiny-3.0.3.jar:/Users/ruixue/.m2/repository/io/smallrye/reactive/mutiny-zero-flow-adapters/1.1.1/mutiny-zero-flow-adapters-1.1.1.jar:/Users/ruixue/.m2/repository/org/jboss/narayana/jta/narayana-jta/7.2.2.Final/narayana-jta-7.2.2.Final.jar:/Users/ruixue/.m2/repository/jakarta/resource/jakarta.resource-api/2.1.0/jakarta.resource-api-2.1.0.jar:/Users/ruixue/.m2/repository/org/jboss/invocation/jboss-invocation/2.0.0.Final/jboss-invocation-2.0.0.Final.jar:/Users/ruixue/.m2/repository/org/eclipse/microprofile/reactive-streams-operators/microprofile-reactive-streams-operators-api/3.0.1/microprofile-reactive-streams-operators-api-3.0.1.jar:/Users/ruixue/.m2/repository/org/jboss/narayana/jts/narayana-jts-integration/7.2.2.Final/narayana-jts-integration-7.2.2.Final.jar:/Users/ruixue/.m2/repository/org/hibernate/orm/hibernate-core/6.6.17.Final/hibernate-core-6.6.17.Final.jar:/Users/ruixue/.m2/repository/com/fasterxml/classmate/1.7.0/classmate-1.7.0.jar:/Users/ruixue/.m2/repository/org/antlr/antlr4-runtime/4.13.0/antlr4-runtime-4.13.0.jar:/Users/ruixue/.m2/repository/net/bytebuddy/byte-buddy/1.15.11/byte-buddy-1.15.11.jar:/Users/ruixue/.m2/repository/org/hibernate/common/hibernate-commons-annotations/7.0.3.Final/hibernate-commons-annotations-7.0.3.Final.jar:/Users/ruixue/.m2/repository/org/hibernate/orm/hibernate-graalvm/6.6.17.Final/hibernate-graalvm-6.6.17.Final.jar:/Users/ruixue/.m2/repository/org/glassfish/jaxb/jaxb-runtime/4.0.5/jaxb-runtime-4.0.5.jar:/Users/ruixue/.m2/repository/org/glassfish/jaxb/jaxb-core/4.0.5/jaxb-core-4.0.5.jar:/Users/ruixue/.m2/repository/org/eclipse/angus/angus-activation/2.0.2/angus-activation-2.0.2.jar:/Users/ruixue/.m2/repository/org/glassfish/jaxb/txw2/4.0.5/txw2-4.0.5.jar:/Users/ruixue/.m2/repository/com/sun/istack/istack-commons-runtime/4.1.2/istack-commons-runtime-4.1.2.jar:/Users/ruixue/.m2/repository/jakarta/xml/bind/jakarta.xml.bind-api/4.0.2/jakarta.xml.bind-api-4.0.2.jar:/Users/ruixue/.m2/repository/jakarta/activation/jakarta.activation-api/2.1.3/jakarta.activation-api-2.1.3.jar:/Users/ruixue/.m2/repository/jakarta/persistence/jakarta.persistence-api/3.1.0/jakarta.persistence-api-3.1.0.jar:/Users/ruixue/.m2/repository/jakarta/transaction/jakarta.transaction-api/2.0.1/jakarta.transaction-api-2.0.1.jar:/Users/ruixue/.m2/repository/org/hibernate/quarkus-local-cache/0.3.1/quarkus-local-cache-0.3.1.jar:/Users/ruixue/.m2/repository/io/quarkus/quarkus-caffeine/3.23.3/quarkus-caffeine-3.23.3.jar:/Users/ruixue/.m2/repository/com/github/ben-manes/caffeine/caffeine/3.2.0/caffeine-3.2.0.jar:/Users/ruixue/.m2/repository/org/jspecify/jspecify/1.0.0/jspecify-1.0.0.jar:/Users/ruixue/.m2/repository/com/google/errorprone/error_prone_annotations/2.37.0/error_prone_annotations-2.37.0.jar:/Users/ruixue/.m2/repository/io/quarkiverse/jberet/quarkus-jberet/2.6.0/quarkus-jberet-2.6.0.jar:/Users/ruixue/.m2/repository/io/quarkus/quarkus-smallrye-context-propagation/3.23.3/quarkus-smallrye-context-propagation-3.23.3.jar:/Users/ruixue/.m2/repository/io/smallrye/smallrye-context-propagation/2.2.1/smallrye-context-propagation-2.2.1.jar:/Users/ruixue/.m2/repository/org/eclipse/microprofile/config/microprofile-config-api/3.1/microprofile-config-api-3.1.jar:/Users/ruixue/.m2/repository/io/smallrye/smallrye-context-propagation-api/2.2.1/smallrye-context-propagation-api-2.2.1.jar:/Users/ruixue/.m2/repository/io/smallrye/smallrye-context-propagation-storage/2.2.1/smallrye-context-propagation-storage-2.2.1.jar:/Users/ruixue/.m2/repository/org/jberet/jberet-core/3.1.0.Final/jberet-core-3.1.0.Final.jar:/Users/ruixue/.m2/repository/org/jberet/jberet-schedule-executor/3.0.0.Final/jberet-schedule-executor-3.0.0.Final.jar:/Users/ruixue/.m2/repository/com/cronutils/cron-utils/9.2.1/cron-utils-9.2.1.jar:/Users/ruixue/.m2/repository/jakarta/batch/jakarta.batch-api/2.1.1/jakarta.batch-api-2.1.1.jar:/Users/ruixue/.m2/repository/org/graalvm/sdk/graal-sdk/23.1.2/graal-sdk-23.1.2.jar:/Users/ruixue/.m2/repository/org/graalvm/sdk/collections/23.1.2/collections-23.1.2.jar:/Users/ruixue/.m2/repository/org/graalvm/sdk/nativeimage/23.1.2/nativeimage-23.1.2.jar:/Users/ruixue/.m2/repository/org/graalvm/sdk/word/23.1.2/word-23.1.2.jar:/Users/ruixue/.m2/repository/org/wildfly/security/wildfly-elytron-security-manager/1.19.0.Final/wildfly-elytron-security-manager-1.19.0.Final.jar:/Users/ruixue/.m2/repository/org/wildfly/security/wildfly-elytron-base/2.6.4.Final/wildfly-elytron-base-2.6.4.Final.jar:/Users/ruixue/.m2/repository/org/wildfly/security/wildfly-elytron-permission/2.6.4.Final/wildfly-elytron-permission-2.6.4.Final.jar:/Users/ruixue/.m2/repository/org/wildfly/security/wildfly-elytron-security-manager-action/2.6.4.Final/wildfly-elytron-security-manager-action-2.6.4.Final.jar:/Users/ruixue/.m2/repository/org/wildfly/security/wildfly-elytron-util/2.6.4.Final/wildfly-elytron-util-2.6.4.Final.jar:/Users/ruixue/.m2/repository/org/wildfly/security/wildfly-elytron-asn1/2.6.4.Final/wildfly-elytron-asn1-2.6.4.Final.jar:/Users/ruixue/.m2/repository/jakarta/ejb/jakarta.ejb-api/4.0.1/jakarta.ejb-api-4.0.1.jar:/Users/ruixue/.m2/repository/io/quarkus/quarkus-resteasy/3.23.3/quarkus-resteasy-3.23.3.jar:/Users/ruixue/.m2/repository/io/quarkus/quarkus-vertx-http/3.23.3/quarkus-vertx-http-3.23.3.jar:/Users/ruixue/.m2/repository/io/quarkus/quarkus-security-runtime-spi/3.23.3/quarkus-security-runtime-spi-3.23.3.jar:/Users/ruixue/.m2/repository/io/quarkus/quarkus-tls-registry/3.23.3/quarkus-tls-registry-3.23.3.jar:/Users/ruixue/.m2/repository/io/quarkus/quarkus-tls-registry-spi/3.23.3/quarkus-tls-registry-spi-3.23.3.jar:/Users/ruixue/.m2/repository/io/smallrye/certs/smallrye-private-key-pem-parser/0.9.2/smallrye-private-key-pem-parser-0.9.2.jar:/Users/ruixue/.m2/repository/io/smallrye/common/smallrye-common-vertx-context/2.12.0/smallrye-common-vertx-context-2.12.0.jar:/Users/ruixue/.m2/repository/io/vertx/vertx-core/4.5.14/vertx-core-4.5.14.jar:/Users/ruixue/.m2/repository/io/netty/netty-common/4.1.121.Final/netty-common-4.1.121.Final.jar:/Users/ruixue/.m2/repository/io/netty/netty-buffer/4.1.121.Final/netty-buffer-4.1.121.Final.jar:/Users/ruixue/.m2/repository/io/netty/netty-transport/4.1.121.Final/netty-transport-4.1.121.Final.jar:/Users/ruixue/.m2/repository/io/netty/netty-handler/4.1.121.Final/netty-handler-4.1.121.Final.jar:/Users/ruixue/.m2/repository/io/netty/netty-transport-native-unix-common/4.1.121.Final/netty-transport-native-unix-common-4.1.121.Final.jar:/Users/ruixue/.m2/repository/io/netty/netty-handler-proxy/4.1.121.Final/netty-handler-proxy-4.1.121.Final.jar:/Users/ruixue/.m2/repository/io/netty/netty-codec-socks/4.1.121.Final/netty-codec-socks-4.1.121.Final.jar:/Users/ruixue/.m2/repository/io/netty/netty-codec-http/4.1.121.Final/netty-codec-http-4.1.121.Final.jar:/Users/ruixue/.m2/repository/io/netty/netty-codec-http2/4.1.121.Final/netty-codec-http2-4.1.121.Final.jar:/Users/ruixue/.m2/repository/io/netty/netty-resolver/4.1.121.Final/netty-resolver-4.1.121.Final.jar:/Users/ruixue/.m2/repository/io/netty/netty-resolver-dns/4.1.121.Final/netty-resolver-dns-4.1.121.Final.jar:/Users/ruixue/.m2/repository/io/netty/netty-codec-dns/4.1.121.Final/netty-codec-dns-4.1.121.Final.jar:/Users/ruixue/.m2/repository/com/fasterxml/jackson/core/jackson-core/2.18.3/jackson-core-2.18.3.jar:/Users/ruixue/.m2/repository/io/quarkus/security/quarkus-security/2.2.1/quarkus-security-2.2.1.jar:/Users/ruixue/.m2/repository/io/quarkus/quarkus-vertx/3.23.3/quarkus-vertx-3.23.3.jar:/Users/ruixue/.m2/repository/io/quarkus/quarkus-netty/3.23.3/quarkus-netty-3.23.3.jar:/Users/ruixue/.m2/repository/io/netty/netty-codec/4.1.121.Final/netty-codec-4.1.121.Final.jar:/Users/ruixue/.m2/repository/io/netty/netty-codec-haproxy/4.1.121.Final/netty-codec-haproxy-4.1.121.Final.jar:/Users/ruixue/.m2/repository/io/quarkus/quarkus-virtual-threads/3.23.3/quarkus-virtual-threads-3.23.3.jar:/Users/ruixue/.m2/repository/io/quarkus/quarkus-vertx-latebound-mdc-provider/3.23.3/quarkus-vertx-latebound-mdc-provider-3.23.3.jar:/Users/ruixue/.m2/repository/io/smallrye/reactive/smallrye-mutiny-vertx-core/3.19.0/smallrye-mutiny-vertx-core-3.19.0.jar:/Users/ruixue/.m2/repository/io/smallrye/reactive/smallrye-mutiny-vertx-runtime/3.19.0/smallrye-mutiny-vertx-runtime-3.19.0.jar:/Users/ruixue/.m2/repository/io/smallrye/reactive/vertx-mutiny-generator/3.19.0/vertx-mutiny-generator-3.19.0.jar:/Users/ruixue/.m2/repository/io/vertx/vertx-codegen/4.5.14/vertx-codegen-4.5.14.jar:/Users/ruixue/.m2/repository/io/smallrye/smallrye-fault-tolerance-vertx/6.9.1/smallrye-fault-tolerance-vertx-6.9.1.jar:/Users/ruixue/.m2/repository/io/smallrye/reactive/smallrye-mutiny-vertx-web/3.19.0/smallrye-mutiny-vertx-web-3.19.0.jar:/Users/ruixue/.m2/repository/io/smallrye/reactive/smallrye-mutiny-vertx-web-common/3.19.0/smallrye-mutiny-vertx-web-common-3.19.0.jar:/Users/ruixue/.m2/repository/io/smallrye/reactive/smallrye-mutiny-vertx-auth-common/3.19.0/smallrye-mutiny-vertx-auth-common-3.19.0.jar:/Users/ruixue/.m2/repository/io/smallrye/reactive/smallrye-mutiny-vertx-bridge-common/3.19.0/smallrye-mutiny-vertx-bridge-common-3.19.0.jar:/Users/ruixue/.m2/repository/io/smallrye/reactive/smallrye-mutiny-vertx-uri-template/3.19.0/smallrye-mutiny-vertx-uri-template-3.19.0.jar:/Users/ruixue/.m2/repository/io/vertx/vertx-uri-template/4.5.14/vertx-uri-template-4.5.14.jar:/Users/ruixue/.m2/repository/io/vertx/vertx-web/4.5.14/vertx-web-4.5.14.jar:/Users/ruixue/.m2/repository/io/vertx/vertx-web-common/4.5.14/vertx-web-common-4.5.14.jar:/Users/ruixue/.m2/repository/io/vertx/vertx-auth-common/4.5.14/vertx-auth-common-4.5.14.jar:/Users/ruixue/.m2/repository/io/vertx/vertx-bridge-common/4.5.14/vertx-bridge-common-4.5.14.jar:/Users/ruixue/.m2/repository/io/github/crac/org-crac/0.1.3/org-crac-0.1.3.jar:/Users/ruixue/.m2/repository/com/aayushatharva/brotli4j/brotli4j/1.16.0/brotli4j-1.16.0.jar:/Users/ruixue/.m2/repository/com/aayushatharva/brotli4j/service/1.16.0/service-1.16.0.jar:/Users/ruixue/.m2/repository/com/aayushatharva/brotli4j/native-osx-aarch64/1.16.0/native-osx-aarch64-1.16.0.jar:/Users/ruixue/.m2/repository/io/quarkus/vertx/utils/quarkus-vertx-utils/3.23.3/quarkus-vertx-utils-3.23.3.jar:/Users/ruixue/.m2/repository/io/quarkus/quarkus-resteasy-server-common/3.23.3/quarkus-resteasy-server-common-3.23.3.jar:/Users/ruixue/.m2/repository/io/quarkus/quarkus-resteasy-common/3.23.3/quarkus-resteasy-common-3.23.3.jar:/Users/ruixue/.m2/repository/org/jboss/resteasy/resteasy-core/6.2.12.Final/resteasy-core-6.2.12.Final.jar:/Users/ruixue/.m2/repository/com/ibm/async/asyncutil/0.1.0/asyncutil-0.1.0.jar:/Users/ruixue/.m2/repository/jakarta/ws/rs/jakarta.ws.rs-api/3.1.0/jakarta.ws.rs-api-3.1.0.jar:/Users/ruixue/.m2/repository/org/jboss/resteasy/microprofile/microprofile-config/3.0.1.Final/microprofile-config-3.0.1.Final.jar:/Users/ruixue/.m2/repository/jakarta/servlet/jakarta.servlet-api/6.0.0/jakarta.servlet-api-6.0.0.jar:/Users/ruixue/.m2/repository/org/jboss/resteasy/resteasy-cdi/6.2.12.Final/resteasy-cdi-6.2.12.Final.jar:/Users/ruixue/.m2/repository/org/jboss/resteasy/resteasy-core-spi/6.2.12.Final/resteasy-core-spi-6.2.12.Final.jar:/Users/ruixue/.m2/repository/jakarta/validation/jakarta.validation-api/3.0.2/jakarta.validation-api-3.0.2.jar:/Users/ruixue/.m2/repository/io/quarkus/quarkus-junit5/3.23.3/quarkus-junit5-3.23.3.jar:/Users/ruixue/.m2/repository/io/quarkus/quarkus-bootstrap-core/3.23.3/quarkus-bootstrap-core-3.23.3.jar:/Users/ruixue/.m2/repository/io/quarkus/quarkus-classloader-commons/3.23.3/quarkus-classloader-commons-3.23.3.jar:/Users/ruixue/.m2/repository/io/quarkus/quarkus-bootstrap-app-model/3.23.3/quarkus-bootstrap-app-model-3.23.3.jar:/Users/ruixue/.m2/repository/io/smallrye/common/smallrye-common-io/2.12.0/smallrye-common-io-2.12.0.jar:/Users/ruixue/.m2/repository/org/eclipse/sisu/org.eclipse.sisu.inject/0.9.0.M4/org.eclipse.sisu.inject-0.9.0.M4.jar:/Users/ruixue/.m2/repository/org/ow2/asm/asm/9.8/asm-9.8.jar:/Users/ruixue/.m2/repository/io/quarkus/quarkus-test-common/3.23.3/quarkus-test-common-3.23.3.jar:/Users/ruixue/.m2/repository/io/quarkus/quarkus-core-deployment/3.23.3/quarkus-core-deployment-3.23.3.jar:/Users/ruixue/.m2/repository/org/aesh/readline/2.6/readline-2.6.jar:/Users/ruixue/.m2/repository/org/fusesource/jansi/jansi/2.4.0/jansi-2.4.0.jar:/Users/ruixue/.m2/repository/org/aesh/aesh/2.8.2/aesh-2.8.2.jar:/Users/ruixue/.m2/repository/org/apache/commons/commons-lang3/3.17.0/commons-lang3-3.17.0.jar:/Users/ruixue/.m2/repository/io/quarkus/gizmo/gizmo/1.9.0/gizmo-1.9.0.jar:/Users/ruixue/.m2/repository/org/ow2/asm/asm-util/9.8/asm-util-9.8.jar:/Users/ruixue/.m2/repository/org/ow2/asm/asm-analysis/9.8/asm-analysis-9.8.jar:/Users/ruixue/.m2/repository/org/ow2/asm/asm-commons/9.8/asm-commons-9.8.jar:/Users/ruixue/.m2/repository/org/ow2/asm/asm-tree/9.8/asm-tree-9.8.jar:/Users/ruixue/.m2/repository/io/quarkus/quarkus-hibernate-validator-spi/3.23.3/quarkus-hibernate-validator-spi-3.23.3.jar:/Users/ruixue/.m2/repository/io/quarkus/quarkus-class-change-agent/3.23.3/quarkus-class-change-agent-3.23.3.jar:/Users/ruixue/.m2/repository/io/quarkus/quarkus-devtools-utilities/3.23.3/quarkus-devtools-utilities-3.23.3.jar:/Users/ruixue/.m2/repository/io/quarkus/quarkus-builder/3.23.3/quarkus-builder-3.23.3.jar:/Users/ruixue/.m2/repository/org/junit/platform/junit-platform-launcher/1.12.2/junit-platform-launcher-1.12.2.jar:/Users/ruixue/.m2/repository/io/quarkus/quarkus-bootstrap-maven-resolver/3.23.3/quarkus-bootstrap-maven-resolver-3.23.3.jar:/Users/ruixue/.m2/repository/io/smallrye/beanbag/smallrye-beanbag-maven/1.5.3/smallrye-beanbag-maven-1.5.3.jar:/Users/ruixue/.m2/repository/io/smallrye/beanbag/smallrye-beanbag-sisu/1.5.3/smallrye-beanbag-sisu-1.5.3.jar:/Users/ruixue/.m2/repository/io/smallrye/beanbag/smallrye-beanbag/1.5.3/smallrye-beanbag-1.5.3.jar:/Users/ruixue/.m2/repository/commons-codec/commons-codec/1.18.0/commons-codec-1.18.0.jar:/Users/ruixue/.m2/repository/javax/inject/javax.inject/1/javax.inject-1.jar:/Users/ruixue/.m2/repository/org/apache/httpcomponents/httpclient/4.5.14/httpclient-4.5.14.jar:/Users/ruixue/.m2/repository/org/apache/httpcomponents/httpcore/4.4.16/httpcore-4.4.16.jar:/Users/ruixue/.m2/repository/org/apache/maven/maven-artifact/3.9.9/maven-artifact-3.9.9.jar:/Users/ruixue/.m2/repository/org/apache/maven/maven-builder-support/3.9.9/maven-builder-support-3.9.9.jar:/Users/ruixue/.m2/repository/org/apache/maven/maven-model/3.9.9/maven-model-3.9.9.jar:/Users/ruixue/.m2/repository/org/apache/maven/maven-model-builder/3.9.9/maven-model-builder-3.9.9.jar:/Users/ruixue/.m2/repository/org/apache/maven/maven-repository-metadata/3.9.9/maven-repository-metadata-3.9.9.jar:/Users/ruixue/.m2/repository/org/apache/maven/maven-settings/3.9.9/maven-settings-3.9.9.jar:/Users/ruixue/.m2/repository/org/apache/maven/resolver/maven-resolver-api/1.9.22/maven-resolver-api-1.9.22.jar:/Users/ruixue/.m2/repository/org/apache/maven/resolver/maven-resolver-impl/1.9.22/maven-resolver-impl-1.9.22.jar:/Users/ruixue/.m2/repository/org/apache/maven/resolver/maven-resolver-named-locks/1.9.22/maven-resolver-named-locks-1.9.22.jar:/Users/ruixue/.m2/repository/org/apache/maven/resolver/maven-resolver-spi/1.9.22/maven-resolver-spi-1.9.22.jar:/Users/ruixue/.m2/repository/org/apache/maven/resolver/maven-resolver-util/1.9.22/maven-resolver-util-1.9.22.jar:/Users/ruixue/.m2/repository/org/apache/maven/resolver/maven-resolver-transport-http/1.9.23/maven-resolver-transport-http-1.9.23.jar:/Users/ruixue/.m2/repository/org/apache/maven/wagon/wagon-provider-api/3.5.3/wagon-provider-api-3.5.3.jar:/Users/ruixue/.m2/repository/org/apache/maven/wagon/wagon-http-shared/3.5.3/wagon-http-shared-3.5.3.jar:/Users/ruixue/.m2/repository/org/codehaus/plexus/plexus-interpolation/1.26/plexus-interpolation-1.26.jar:/Users/ruixue/.m2/repository/org/codehaus/plexus/plexus-utils/3.5.1/plexus-utils-3.5.1.jar:/Users/ruixue/.m2/repository/org/codehaus/plexus/plexus-xml/4.0.2/plexus-xml-4.0.2.jar:/Users/ruixue/.m2/repository/org/apache/maven/maven-xml-impl/4.0.0-alpha-7/maven-xml-impl-4.0.0-alpha-7.jar:/Users/ruixue/.m2/repository/org/apache/maven/maven-api-xml/4.0.0-alpha-7/maven-api-xml-4.0.0-alpha-7.jar:/Users/ruixue/.m2/repository/org/apache/maven/maven-api-meta/4.0.0-alpha-7/maven-api-meta-4.0.0-alpha-7.jar:/Users/ruixue/.m2/repository/org/codehaus/plexus/plexus-cipher/2.0/plexus-cipher-2.0.jar:/Users/ruixue/.m2/repository/org/codehaus/plexus/plexus-sec-dispatcher/2.0/plexus-sec-dispatcher-2.0.jar:/Users/ruixue/.m2/repository/org/apache/maven/maven-embedder/3.9.9/maven-embedder-3.9.9.jar:/Users/ruixue/.m2/repository/org/apache/maven/maven-core/3.9.9/maven-core-3.9.9.jar:/Users/ruixue/.m2/repository/org/codehaus/plexus/plexus-component-annotations/2.1.0/plexus-component-annotations-2.1.0.jar:/Users/ruixue/.m2/repository/org/apache/maven/maven-plugin-api/3.9.9/maven-plugin-api-3.9.9.jar:/Users/ruixue/.m2/repository/org/apache/maven/shared/maven-shared-utils/3.4.2/maven-shared-utils-3.4.2.jar:/Users/ruixue/.m2/repository/com/google/inject/guice/5.1.0/guice-5.1.0.jar:/Users/ruixue/.m2/repository/aopalliance/aopalliance/1.0/aopalliance-1.0.jar:/Users/ruixue/.m2/repository/com/google/guava/guava/33.4.8-jre/guava-33.4.8-jre.jar:/Users/ruixue/.m2/repository/com/google/guava/failureaccess/1.0.1/failureaccess-1.0.1.jar:/Users/ruixue/.m2/repository/javax/annotation/javax.annotation-api/1.3.2/javax.annotation-api-1.3.2.jar:/Users/ruixue/.m2/repository/org/codehaus/plexus/plexus-classworlds/2.6.0/plexus-classworlds-2.6.0.jar:/Users/ruixue/.m2/repository/commons-cli/commons-cli/1.8.0/commons-cli-1.8.0.jar:/Users/ruixue/.m2/repository/org/eclipse/sisu/org.eclipse.sisu.plexus/0.9.0.M4/org.eclipse.sisu.plexus-0.9.0.M4.jar:/Users/ruixue/.m2/repository/org/apache/maven/maven-settings-builder/3.9.9/maven-settings-builder-3.9.9.jar:/Users/ruixue/.m2/repository/org/apache/maven/maven-resolver-provider/3.9.9/maven-resolver-provider-3.9.9.jar:/Users/ruixue/.m2/repository/org/apache/maven/resolver/maven-resolver-connector-basic/1.9.22/maven-resolver-connector-basic-1.9.22.jar:/Users/ruixue/.m2/repository/org/apache/maven/resolver/maven-resolver-transport-wagon/1.9.22/maven-resolver-transport-wagon-1.9.22.jar:/Users/ruixue/.m2/repository/org/apache/maven/wagon/wagon-http/3.5.3/wagon-http-3.5.3.jar:/Users/ruixue/.m2/repository/org/apache/maven/wagon/wagon-file/3.5.3/wagon-file-3.5.3.jar:/Users/ruixue/.m2/repository/io/quarkus/quarkus-bootstrap-gradle-resolver/3.23.3/quarkus-bootstrap-gradle-resolver-3.23.3.jar:/Users/ruixue/.m2/repository/io/smallrye/jandex/3.3.1/jandex-3.3.1.jar:/Users/ruixue/.m2/repository/commons-io/commons-io/2.19.0/commons-io-2.19.0.jar:/Users/ruixue/.m2/repository/org/jboss/logging/commons-logging-jboss-logging/1.0.0.Final/commons-logging-jboss-logging-1.0.0.Final.jar:/Users/ruixue/.m2/repository/io/quarkus/quarkus-junit5-config/3.23.3/quarkus-junit5-config-3.23.3.jar:/Users/ruixue/.m2/repository/org/junit/jupiter/junit-jupiter-api/5.12.2/junit-jupiter-api-5.12.2.jar:/Users/ruixue/.m2/repository/org/opentest4j/opentest4j/1.3.0/opentest4j-1.3.0.jar:/Users/ruixue/.m2/repository/org/junit/platform/junit-platform-commons/1.12.2/junit-platform-commons-1.12.2.jar:/Users/ruixue/.m2/repository/org/apiguardian/apiguardian-api/1.1.2/apiguardian-api-1.1.2.jar:/Users/ruixue/.m2/repository/org/junit/jupiter/junit-jupiter/5.12.2/junit-jupiter-5.12.2.jar:/Users/ruixue/.m2/repository/org/junit/jupiter/junit-jupiter-params/5.12.2/junit-jupiter-params-5.12.2.jar:/Users/ruixue/.m2/repository/org/junit/jupiter/junit-jupiter-engine/5.12.2/junit-jupiter-engine-5.12.2.jar:/Users/ruixue/.m2/repository/org/junit/platform/junit-platform-engine/1.12.2/junit-platform-engine-1.12.2.jar:/Users/ruixue/.m2/repository/io/quarkus/quarkus-junit5-mockito/3.23.3/quarkus-junit5-mockito-3.23.3.jar:/Users/ruixue/.m2/repository/org/mockito/mockito-junit-jupiter/5.17.0/mockito-junit-jupiter-5.17.0.jar:/Users/ruixue/.m2/repository/io/quarkus/quarkus-junit5-mockito-config/3.23.3/quarkus-junit5-mockito-config-3.23.3.jar:/Users/ruixue/.m2/repository/io/quarkus/quarkus-arc-deployment/3.23.3/quarkus-arc-deployment-3.23.3.jar:/Users/ruixue/.m2/repository/io/quarkus/quarkus-smallrye-context-propagation-spi/3.23.3/quarkus-smallrye-context-propagation-spi-3.23.3.jar:/Users/ruixue/.m2/repository/io/quarkus/quarkus-vertx-http-dev-ui-spi/3.23.3/quarkus-vertx-http-dev-ui-spi-3.23.3.jar:/Users/ruixue/.m2/repository/io/quarkus/quarkus-arc-dev/3.23.3/quarkus-arc-dev-3.23.3.jar:/Users/ruixue/.m2/repository/io/quarkus/arc/arc-processor/3.23.3/arc-processor-3.23.3.jar:/Users/ruixue/.m2/repository/org/mockito/mockito-core/5.17.0/mockito-core-5.17.0.jar:/Users/ruixue/.m2/repository/net/bytebuddy/byte-buddy-agent/1.15.11/byte-buddy-agent-1.15.11.jar:/Users/ruixue/.m2/repository/org/objenesis/objenesis/3.3/objenesis-3.3.jar:/Users/ruixue/.m2/repository/io/quarkus/quarkus-mutiny/3.23.3/quarkus-mutiny-3.23.3.jar:/Users/ruixue/.m2/repository/io/smallrye/reactive/mutiny-smallrye-context-propagation/2.9.0/mutiny-smallrye-context-propagation-2.9.0.jar:/Users/ruixue/.m2/repository/org/assertj/assertj-core/3.27.3/assertj-core-3.27.3.jar:"/>
    <property name="sun.cpu.endian" value="little"/>
    <property name="user.home" value="/Users/ruixue"/>
    <property name="user.language" value="en"/>
    <property name="java.specification.vendor" value="Oracle Corporation"/>
    <property name="java.version.date" value="2024-01-16"/>
    <property name="java.home" value="/opt/homebrew/Cellar/openjdk@17/17.0.10/libexec/openjdk.jdk/Contents/Home"/>
    <property name="file.separator" value="/"/>
    <property name="basedir" value="/Users/ruixue/git/github/ingestion-api/ingestion-manager"/>
    <property name="java.vm.compressedOopsMode" value="Zero based"/>
    <property name="line.separator" value="&#10;"/>
    <property name="java.vm.specification.vendor" value="Oracle Corporation"/>
    <property name="java.specification.name" value="Java Platform API Specification"/>
    <property name="surefire.real.class.path" value="/Users/ruixue/git/github/ingestion-api/ingestion-manager/target/surefire/surefirebooter-20250622215838798_3.jar"/>
    <property name="sun.management.compiler" value="HotSpot 64-Bit Tiered Compilers"/>
    <property name="ftp.nonProxyHosts" value="local|*.local|169.254/16|*.169.254/16"/>
    <property name="java.runtime.version" value="17.0.10+0"/>
    <property name="user.name" value="ruixue"/>
    <property name="path.separator" value=":"/>
    <property name="os.version" value="15.5"/>
    <property name="java.runtime.name" value="OpenJDK Runtime Environment"/>
    <property name="file.encoding" value="UTF-8"/>
    <property name="java.vm.name" value="OpenJDK 64-Bit Server VM"/>
    <property name="java.vendor.version" value="Homebrew"/>
    <property name="localRepository" value="/Users/ruixue/.m2/repository"/>
    <property name="java.vendor.url.bug" value="https://github.com/Homebrew/homebrew-core/issues"/>
    <property name="java.io.tmpdir" value="/var/folders/t5/w27xz6ln7sg64hh0b0d4lmz40000gn/T/"/>
    <property name="java.version" value="17.0.10"/>
    <property name="user.dir" value="/Users/ruixue/git/github/ingestion-api/ingestion-manager"/>
    <property name="os.arch" value="aarch64"/>
    <property name="java.vm.specification.name" value="Java Virtual Machine Specification"/>
    <property name="native.encoding" value="UTF-8"/>
    <property name="java.util.logging.manager" value="org.jboss.logmanager.LogManager"/>
    <property name="java.library.path" value="/Users/ruixue/Library/Java/Extensions:/Library/Java/Extensions:/Network/Library/Java/Extensions:/System/Library/Java/Extensions:/usr/lib/java:."/>
    <property name="jdk.console" value="java.base"/>
    <property name="java.vm.info" value="mixed mode, sharing"/>
    <property name="java.vendor" value="Homebrew"/>
    <property name="java.vm.version" value="17.0.10+0"/>
    <property name="sun.io.unicode.encoding" value="UnicodeBig"/>
    <property name="socksNonProxyHosts" value="local|*.local|169.254/16|*.169.254/16"/>
    <property name="java.class.version" value="61.0"/>
  </properties>
  <testcase name="getAllFiles" classname="io.github.rxue.ingestion.batch.MailReaderTest" time="0.011"/>
</testsuite>